
=== Sat Mar 18 10:29:38 2023

Packages were changed.
Update Mode: mergeDefaultDependencies

The following packages were added:
  com.unity.ide.rider@3.0.16
  com.unity.ide.visualstudio@2.0.16
  com.unity.ide.vscode@1.2.5
  com.unity.modules.ai@1.0.0
  com.unity.modules.androidjni@1.0.0
  com.unity.modules.animation@1.0.0
  com.unity.modules.assetbundle@1.0.0
  com.unity.modules.audio@1.0.0
  com.unity.modules.cloth@1.0.0
  com.unity.modules.director@1.0.0
  com.unity.modules.imageconversion@1.0.0
  com.unity.modules.imgui@1.0.0
  com.unity.modules.jsonserialize@1.0.0
  com.unity.modules.particlesystem@1.0.0
  com.unity.modules.physics@1.0.0
  com.unity.modules.physics2d@1.0.0
  com.unity.modules.screencapture@1.0.0
  com.unity.modules.terrain@1.0.0
  com.unity.modules.terrainphysics@1.0.0
  com.unity.modules.tilemap@1.0.0
  com.unity.modules.ui@1.0.0
  com.unity.modules.uielements@1.0.0
  com.unity.modules.umbra@1.0.0
  com.unity.modules.unityanalytics@1.0.0
  com.unity.modules.unitywebrequest@1.0.0
  com.unity.modules.unitywebrequestassetbundle@1.0.0
  com.unity.modules.unitywebrequestaudio@1.0.0
  com.unity.modules.unitywebrequesttexture@1.0.0
  com.unity.modules.unitywebrequestwww@1.0.0
  com.unity.modules.vehicles@1.0.0
  com.unity.modules.video@1.0.0
  com.unity.modules.vr@1.0.0
  com.unity.modules.wind@1.0.0
  com.unity.modules.xr@1.0.0
  com.unity.test-framework@1.1.31
The following packages were updated:
  com.unity.collab-proxy from version 1.13.5 to 1.17.7
  com.unity.timeline from version 1.6.2 to 1.6.4
  com.unity.visualscripting from version 1.7.6 to 1.7.8

=== Sat Mar 18 10:31:42 2023

Packages were changed.
Update Mode: updateDependencies

The following packages were added:
  com.unity.2d.sprite@1.0.0
  com.unity.2d.tilemap@1.0.0
  com.unity.ads@3.7.5
  com.unity.analytics@3.6.12
  com.unity.purchasing@4.5.1
  com.unity.xr.legacyinputhelpers@2.1.10

=== Mon Mar 18 13:54:13 2024

Packages were changed.
Update Mode: updateDependencies

The following packages were added:
  com.unity.ai.navigation@1.1.5
The following packages were updated:
  com.unity.ads from version 3.7.5 to 4.4.2
  com.unity.analytics from version 3.6.12 to 3.8.1
  com.unity.collab-proxy from version 1.17.7 to 2.2.0
  com.unity.ide.rider from version 3.0.16 to 3.0.27
  com.unity.ide.visualstudio from version 2.0.18 to 2.0.22
  com.unity.inputsystem from version 1.4.4 to 1.7.0
  com.unity.purchasing from version 4.5.1 to 4.9.3
  com.unity.test-framework from version 1.1.31 to 1.1.33
  com.unity.timeline from version 1.6.4 to 1.7.6

=== Wed Jan 15 22:22:45 2025

Packages were changed.
Update Mode: updateDependencies

The following packages were updated:
  com.unity.collab-proxy from version 2.2.0 to 2.6.0
  com.unity.ide.rider from version 3.0.27 to 3.0.34
  com.unity.inputsystem from version 1.7.0 to 1.11.2
  com.unity.purchasing from version 4.9.3 to 4.11.0
  com.unity.textmeshpro from version 3.0.6 to 3.0.7

=== Sun Jun  7 18:11:18 2026

Packages were changed.
Update Mode: updateDependencies

The following packages were updated:
  com.unity.ai.navigation from version 1.1.5 to 1.1.6
  com.unity.collab-proxy from version 2.6.0 to 2.7.1
  com.unity.ide.rider from version 3.0.34 to 3.0.36
  com.unity.inputsystem from version 1.11.2 to 1.14.0
  com.unity.timeline from version 1.7.6 to 1.7.7
